#
# There is insufficient memory for the Java Runtime Environment to continue.
# Native memory allocation (malloc) failed to allocate 131088 bytes for Chunk::new
# Possible reasons:
#   The system is out of physical RAM or swap space
#   In 32 bit mode, the process size limit was hit
# Possible solutions:
#   Reduce memory load on the system
#   Increase physical memory or swap space
#   Check if swap backing store is full
#   Use 64 bit Java on a 64 bit OS
#   Decrease Java heap size (-Xmx/-Xms)
#   Decrease number of Java threads
#   Decrease Java thread stack sizes (-Xss)
#   Set larger code cache with -XX:ReservedCodeCacheSize=
# This output file may be truncated or incomplete.
#
#  Out of Memory Error (allocation.cpp:390), pid=7352, tid=0x0000000000001fc8
#
# JRE version: OpenJDK Runtime Environment (8.0_76-b03) (build 1.8.0_76-release-b03)
# Java VM: OpenJDK 64-Bit Server VM (25.76-b03 mixed mode windows-amd64 compressed oops)
# Failed to write core dump. Minidumps are not enabled by default on client versions of Windows
#

---------------  T H R E A D  ---------------

Current thread (0x0000000014b0a000):  JavaThread "C2 CompilerThread1" daemon [_thread_in_native, id=8136, stack(0x0000000016270000,0x0000000016370000)]

Stack: [0x0000000016270000,0x0000000016370000]
[error occurred during error reporting (printing stack bounds), id 0xc0000005]

Native frames: (J=compiled Java code, j=interpreted, Vv=VM code, C=native code)


Current CompileTask:
C2:   1913  567 %     4       com.sun.tools.javac.file.ZipFileIndex$ZipDirectory::readEntry @ 102 (587 bytes)


---------------  P R O C E S S  ---------------

Java Threads: ( => current thread )
  0x0000000014b6c000 JavaThread "Service Thread" daemon [_thread_blocked, id=6748, stack(0x0000000016870000,0x0000000016970000)]
  0x0000000014b12000 JavaThread "C1 CompilerThread2" daemon [_thread_in_vm, id=3148, stack(0x0000000016370000,0x0000000016470000)]
=>0x0000000014b0a000 JavaThread "C2 CompilerThread1" daemon [_thread_in_native, id=8136, stack(0x0000000016270000,0x0000000016370000)]
  0x0000000014b17800 JavaThread "C2 CompilerThread0" daemon [_thread_blocked, id=6960, stack(0x0000000016170000,0x0000000016270000)]
  0x0000000014b16000 JavaThread "Attach Listener" daemon [_thread_blocked, id=6980, stack(0x0000000016070000,0x0000000016170000)]
  0x0000000014b15000 JavaThread "Signal Dispatcher" daemon [_thread_blocked, id=6964, stack(0x0000000015f70000,0x0000000016070000)]
  0x000000000240c000 JavaThread "Finalizer" daemon [_thread_blocked, id=4792, stack(0x0000000015d60000,0x0000000015e60000)]
  0x0000000002400800 JavaThread "Reference Handler" daemon [_thread_blocked, id=5408, stack(0x0000000015c60000,0x0000000015d60000)]
  0x0000000002310800 JavaThread "main" [_thread_in_vm, id=8176, stack(0x00000000021b0000,0x00000000022b0000)]

Other Threads:
  0x0000000014ad6800 VMThread [stack: 0x0000000015b60000,0x0000000015c60000] [id=4272]
  0x0000000014b50000 WatcherThread [stack: 0x0000000016970000,0x0000000016a70000] [id=4220]

VM state:not at safepoint (normal execution)

VM Mutex/Monitor currently owned by a thread: None

Heap:
 PSYoungGen      total 14336K, used 10919K [0x00000000eb200000, 0x00000000ec200000, 0x0000000100000000)
  eden space 12288K, 75% used [0x00000000eb200000,0x00000000ebb0c0a8,0x00000000ebe00000)
  from space 2048K, 80% used [0x00000000ec000000,0x00000000ec19db78,0x00000000ec200000)
  to   space 2048K, 0% used [0x00000000ebe00000,0x00000000ebe00000,0x00000000ec000000)
 ParOldGen       total 5632K, used 2921K [0x00000000c1600000, 0x00000000c1b80000, 0x00000000eb200000)
  object space 5632K, 51% used [0x00000000c1600000,0x00000000c18da7a8,0x00000000c1b80000)
 Metaspace       used 7472K, capacity 8404K, committed 8704K, reserved 1056768K
  class space    used 866K, capacity 912K, committed 1024K, reserved 1048576K

Card table byte_map: [0x00000000118d0000,0x0000000011ad0000] byte_map_base: 0x00000000112c5000

Marking Bits: (ParMarkBitMap*) 0x000000005c149d00
 Begin Bits: [0x0000000012020000, 0x0000000012fc8000)
 End Bits:   [0x0000000012fc8000, 0x0000000013f70000)

Polling page: 0x00000000001f0000

CodeCache: size=245760Kb used=3150Kb max_used=3150Kb free=242609Kb
 bounds [0x0000000002510000, 0x0000000002830000, 0x0000000011510000]
 total_blobs=938 nmethods=653 adapters=199
 compilation: enabled

Compilation events (10 events):
Event: 1.903 Thread 0x0000000014b12000 nmethod 642 0x000000000281c250 code [0x000000000281c3c0, 0x000000000281c5e8]
Event: 1.903 Thread 0x0000000014b12000  643       3       com.sun.tools.javac.code.Scope::lookup (67 bytes)
Event: 1.904 Thread 0x0000000014b12000 nmethod 643 0x000000000281c690 code [0x000000000281c820, 0x000000000281cd18]
Event: 1.904 Thread 0x0000000014b12000  644       3       javax.lang.model.SourceVersion::isIdentifier (71 bytes)
Event: 1.905 Thread 0x0000000014b12000 nmethod 644 0x000000000281cf10 code [0x000000000281d120, 0x000000000281dc08]
Event: 1.905 Thread 0x0000000014b12000  645       3       com.sun.tools.javac.file.Locations$BootClassPathLocationHandler::getLocation (9 bytes)
Event: 1.906 Thread 0x0000000014b12000 nmethod 645 0x000000000281e050 code [0x000000000281e200, 0x000000000281e6d8]
Event: 1.906 Thread 0x0000000014b12000  646   !   3       com.sun.tools.javac.file.ZipFileIndex$DirectoryEntry::initEntries (345 bytes)
Event: 1.910 Thread 0x0000000014b12000 nmethod 646 0x000000000281e990 code [0x000000000281ed60, 0x0000000002820c48]
Event: 1.910 Thread 0x0000000014b12000  648       3       com.sun.tools.javac.file.Locations$ClassPathLocationHandler::getLocation (9 bytes)

GC Heap History (10 events):
Event: 0.384 GC heap before
{Heap before GC invocations=2 (full 0):
 PSYoungGen      total 2048K, used 2031K [0x00000000eb200000, 0x00000000eb600000, 0x0000000100000000)
  eden space 1536K, 100% used [0x00000000eb200000,0x00000000eb380000,0x00000000eb380000)
  from space 512K, 96% used [0x00000000eb380000,0x00000000eb3fbc20,0x00000000eb400000)
  to   space 512K, 0% used [0x00000000eb580000,0x00000000eb580000,0x00000000eb600000)
 ParOldGen       total 5632K, used 48K [0x00000000c1600000, 0x00000000c1b80000, 0x00000000eb200000)
  object space 5632K, 0% used [0x00000000c1600000,0x00000000c160c000,0x00000000c1b80000)
 Metaspace       used 3976K, capacity 5388K, committed 5760K, reserved 1056768K
  class space    used 460K, capacity 520K, committed 640K, reserved 1048576K
Event: 0.388 GC heap after
Heap after GC invocations=2 (full 0):
 PSYoungGen      total 3584K, used 496K [0x00000000eb200000, 0x00000000eb600000, 0x0000000100000000)
  eden space 3072K, 0% used [0x00000000eb200000,0x00000000eb200000,0x00000000eb500000)
  from space 512K, 96% used [0x00000000eb580000,0x00000000eb5fc030,0x00000000eb600000)
  to   space 512K, 0% used [0x00000000eb500000,0x00000000eb500000,0x00000000eb580000)
 ParOldGen       total 5632K, used 80K [0x00000000c1600000, 0x00000000c1b80000, 0x00000000eb200000)
  object space 5632K, 1% used [0x00000000c1600000,0x00000000c1614000,0x00000000c1b80000)
 Metaspace       used 3976K, capacity 5388K, committed 5760K, reserved 1056768K
  class space    used 460K, capacity 520K, committed 640K, reserved 1048576K
}
Event: 0.559 GC heap before
{Heap before GC invocations=3 (full 0):
 PSYoungGen      total 3584K, used 3568K [0x00000000eb200000, 0x00000000eb600000, 0x0000000100000000)
  eden space 3072K, 100% used [0x00000000eb200000,0x00000000eb500000,0x00000000eb500000)
  from space 512K, 96% used [0x00000000eb580000,0x00000000eb5fc030,0x00000000eb600000)
  to   space 512K, 0% used [0x00000000eb500000,0x00000000eb500000,0x00000000eb580000)
 ParOldGen       total 5632K, used 80K [0x00000000c1600000, 0x00000000c1b80000, 0x00000000eb200000)
  object space 5632K, 1% used [0x00000000c1600000,0x00000000c1614000,0x00000000c1b80000)
 Metaspace       used 5033K, capacity 6348K, committed 6656K, reserved 1056768K
  class space    used 594K, capacity 648K, committed 768K, reserved 1048576K
Event: 0.562 GC heap after
Heap after GC invocations=3 (full 0):
 PSYoungGen      total 3584K, used 512K [0x00000000eb200000, 0x00000000eb900000, 0x0000000100000000)
  eden space 3072K, 0% used [0x00000000eb200000,0x00000000eb200000,0x00000000eb500000)
  from space 512K, 100% used [0x00000000eb500000,0x00000000eb580000,0x00000000eb580000)
  to   space 512K, 0% used [0x00000000eb880000,0x00000000eb880000,0x00000000eb900000)
 ParOldGen       total 5632K, used 408K [0x00000000c1600000, 0x00000000c1b80000, 0x00000000eb200000)
  object space 5632K, 7% used [0x00000000c1600000,0x00000000c1666010,0x00000000c1b80000)
 Metaspace       used 5033K, capacity 6348K, committed 6656K, reserved 1056768K
  class space    used 594K, capacity 648K, committed 768K, reserved 1048576K
}
Event: 0.776 GC heap before
{Heap before GC invocations=4 (full 0):
 PSYoungGen      total 3584K, used 3584K [0x00000000eb200000, 0x00000000eb900000, 0x0000000100000000)
  eden space 3072K, 100% used [0x00000000eb200000,0x00000000eb500000,0x00000000eb500000)
  from space 512K, 100% used [0x00000000eb500000,0x00000000eb580000,0x00000000eb580000)
  to   space 512K, 0% used [0x00000000eb880000,0x00000000eb880000,0x00000000eb900000)
 ParOldGen       total 5632K, used 408K [0x00000000c1600000, 0x00000000c1b80000, 0x00000000eb200000)
  object space 5632K, 7% used [0x00000000c1600000,0x00000000c1666010,0x00000000c1b80000)
 Metaspace       used 6096K, capacity 7372K, committed 7552K, reserved 1056768K
  class space    used 741K, capacity 776K, committed 896K, reserved 1048576K
Event: 0.779 GC heap after
Heap after GC invocations=4 (full 0):
 PSYoungGen      total 6656K, used 512K [0x00000000eb200000, 0x00000000eb900000, 0x0000000100000000)
  eden space 6144K, 0% used [0x00000000eb200000,0x00000000eb200000,0x00000000eb800000)
  from space 512K, 100% used [0x00000000eb880000,0x00000000eb900000,0x00000000eb900000)
  to   space 512K, 0% used [0x00000000eb800000,0x00000000eb800000,0x00000000eb880000)
 ParOldGen       total 5632K, used 776K [0x00000000c1600000, 0x00000000c1b80000, 0x00000000eb200000)
  object space 5632K, 13% used [0x00000000c1600000,0x00000000c16c2060,0x00000000c1b80000)
 Metaspace       used 6096K, capacity 7372K, committed 7552K, reserved 1056768K
  class space    used 741K, capacity 776K, committed 896K, reserved 1048576K
}
Event: 1.185 GC heap before
{Heap before GC invocations=5 (full 0):
 PSYoungGen      total 6656K, used 5868K [0x00000000eb200000, 0x00000000eb900000, 0x0000000100000000)
  eden space 6144K, 87% used [0x00000000eb200000,0x00000000eb73b208,0x00000000eb800000)
  from space 512K, 100% used [0x00000000eb880000,0x00000000eb900000,0x00000000eb900000)
  to   space 512K, 0% used [0x00000000eb800000,0x00000000eb800000,0x00000000eb880000)
 ParOldGen       total 5632K, used 776K [0x00000000c1600000, 0x00000000c1b80000, 0x00000000eb200000)
  object space 5632K, 13% used [0x00000000c1600000,0x00000000c16c2060,0x00000000c1b80000)
 Metaspace       used 7187K, capacity 8180K, committed 8320K, reserved 1056768K
  class space    used 846K, capacity 880K, committed 896K, reserved 1048576K
Event: 1.206 GC heap after
Heap after GC invocations=5 (full 0):
 PSYoungGen      total 6656K, used 512K [0x00000000eb200000, 0x00000000ec200000, 0x0000000100000000)
  eden space 6144K, 0% used [0x00000000eb200000,0x00000000eb200000,0x00000000eb800000)
  from space 512K, 100% used [0x00000000eb800000,0x00000000eb880000,0x00000000eb880000)
  to   space 2048K, 0% used [0x00000000ec000000,0x00000000ec000000,0x00000000ec200000)
 ParOldGen       total 5632K, used 2051K [0x00000000c1600000, 0x00000000c1b80000, 0x00000000eb200000)
  object space 5632K, 36% used [0x00000000c1600000,0x00000000c1800c58,0x00000000c1b80000)
 Metaspace       used 7187K, capacity 8180K, committed 8320K, reserved 1056768K
  class space    used 846K, capacity 880K, committed 896K, reserved 1048576K
}
Event: 1.442 GC heap before
{Heap before GC invocations=6 (full 0):
 PSYoungGen      total 6656K, used 5291K [0x00000000eb200000, 0x00000000ec200000, 0x0000000100000000)
  eden space 6144K, 77% used [0x00000000eb200000,0x00000000eb6aadd0,0x00000000eb800000)
  from space 512K, 100% used [0x00000000eb800000,0x00000000eb880000,0x00000000eb880000)
  to   space 2048K, 0% used [0x00000000ec000000,0x00000000ec000000,0x00000000ec200000)
 ParOldGen       total 5632K, used 2051K [0x00000000c1600000, 0x00000000c1b80000, 0x00000000eb200000)
  object space 5632K, 36% used [0x00000000c1600000,0x00000000c1800c58,0x00000000c1b80000)
 Metaspace       used 7191K, capacity 8180K, committed 8320K, reserved 1056768K
  class space    used 846K, capacity 880K, committed 896K, reserved 1048576K
Event: 1.449 GC heap after
Heap after GC invocations=6 (full 0):
 PSYoungGen      total 14336K, used 1654K [0x00000000eb200000, 0x00000000ec200000, 0x0000000100000000)
  eden space 12288K, 0% used [0x00000000eb200000,0x00000000eb200000,0x00000000ebe00000)
  from space 2048K, 80% used [0x00000000ec000000,0x00000000ec19db78,0x00000000ec200000)
  to   space 2048K, 0% used [0x00000000ebe00000,0x00000000ebe00000,0x00000000ec000000)
 ParOldGen       total 5632K, used 2921K [0x00000000c1600000, 0x00000000c1b80000, 0x00000000eb200000)
  object space 5632K, 51% used [0x00000000c1600000,0x00000000c18da7a8,0x00000000c1b80000)
 Metaspace       used 7191K, capacity 8180K, committed 8320K, reserved 1056768K
  class space    used 846K, capacity 880K, committed 896K, reserved 1048576K
}

Deoptimization events (10 events):
Event: 0.886 Thread 0x0000000002310800 Uncommon trap: reason=unstable_if action=reinterpret pc=0x000000000267e904 method=java.lang.String.replace(CC)Ljava/lang/String; @ 26
Event: 0.894 Thread 0x0000000002310800 Uncommon trap: reason=class_check action=maybe_recompile pc=0x00000000026b3738 method=sun.misc.URLClassPath.getLoader(I)Lsun/misc/URLClassPath$Loader; @ 94
Event: 0.955 Thread 0x0000000002310800 Uncommon trap: reason=unstable_if action=reinterpret pc=0x00000000026d33a8 method=java.lang.String.<init>([CII)V @ 18
Event: 1.247 Thread 0x0000000002310800 Uncommon trap: reason=unstable_if action=reinterpret pc=0x00000000026dd908 method=com.sun.tools.javac.parser.UnicodeReader.scanChar()V @ 37
Event: 1.341 Thread 0x0000000002310800 Uncommon trap: reason=unstable_if action=reinterpret pc=0x0000000002764938 method=com.sun.tools.javac.util.Name$Table.equals([BI[BII)Z @ 22
Event: 1.368 Thread 0x0000000002310800 Uncommon trap: reason=unstable_if action=reinterpret pc=0x000000000278fe48 method=com.sun.tools.javac.parser.JavaTokenizer$BasicComment.scanDocComment()V @ 277
Event: 1.403 Thread 0x0000000002310800 Uncommon trap: reason=unstable_if action=reinterpret pc=0x0000000002798e98 method=com.sun.tools.javac.parser.JavaTokenizer$BasicComment.scanDocComment()V @ 277
Event: 1.673 Thread 0x0000000002310800 Uncommon trap: reason=unstable_if action=reinterpret pc=0x00000000027d8538 method=com.sun.tools.javac.file.ZipFileIndex$Entry.compareTo(Lcom/sun/tools/javac/file/ZipFileIndex$Entry;)I @ 23
Event: 1.673 Thread 0x0000000002310800 Uncommon trap: reason=unstable_if action=reinterpret pc=0x00000000027d8c64 method=com.sun.tools.javac.file.ZipFileIndex$Entry.compareTo(Lcom/sun/tools/javac/file/ZipFileIndex$Entry;)I @ 23
Event: 1.677 Thread 0x0000000002310800 Uncommon trap: reason=unstable_if action=reinterpret pc=0x00000000027eb0e0 method=com.sun.tools.javac.file.ZipFileIndex$ZipDirectory.readEntry(ILjava/util/List;Ljava/util/Map;)I @ 190

Internal exceptions (10 events):
Event: 0.050 Thread 0x0000000002310800 Exception <a 'java/lang/NoSuchMethodError': Method sun.misc.Unsafe.prefetchRead(Ljava/lang/Object;J)V name or signature does not match> (0x00000000eb207fc0) thrown at [C:\src\android\AOSP-openjdk\external\jetbrains\jdk\hotspot\src\share\vm\prims\jni.cpp, l©f–éÞØÑ?
Event: 0.279 Thread 0x0000000002310800 Exception <a 'java/security/PrivilegedActionException'> (0x00000000eb365e70) thrown at [C:\src\android\AOSP-openjdk\external\jetbrains\jdk\hotspot\src\share\vm\prims\jvm.cpp, line 1386]
Event: 0.279 Thread 0x0000000002310800 Exception <a 'java/security/PrivilegedActionException'> (0x00000000eb366268) thrown at [C:\src\android\AOSP-openjdk\external\jetbrains\jdk\hotspot\src\share\vm\prims\jvm.cpp, line 1386]
Event: 0.280 Thread 0x0000000002310800 Exception <a 'java/security/PrivilegedActionException'> (0x00000000eb36a038) thrown at [C:\src\android\AOSP-openjdk\external\jetbrains\jdk\hotspot\src\share\vm\prims\jvm.cpp, line 1386]
Event: 0.280 Thread 0x0000000002310800 Exception <a 'java/security/PrivilegedActionException'> (0x00000000eb36a430) thrown at [C:\src\android\AOSP-openjdk\external\jetbrains\jdk\hotspot\src\share\vm\prims\jvm.cpp, line 1386]
Event: 0.280 Thread 0x0000000002310800 Exception <a 'java/security/PrivilegedActionException'> (0x00000000eb36bb48) thrown at [C:\src\android\AOSP-openjdk\external\jetbrains\jdk\hotspot\src\share\vm\prims\jvm.cpp, line 1386]
Event: 0.280 Thread 0x0000000002310800 Exception <a 'java/security/PrivilegedActionException'> (0x00000000eb36bf40) thrown at [C:\src\android\AOSP-openjdk\external\jetbrains\jdk\hotspot\src\share\vm\prims\jvm.cpp, line 1386]
Event: 0.295 Thread 0x0000000002310800 Exception <a 'java/security/PrivilegedActionException'> (0x00000000eb213470) thrown at [C:\src\android\AOSP-openjdk\external\jetbrains\jdk\hotspot\src\share\vm\prims\jvm.cpp, line 1386]
Event: 0.295 Thread 0x0000000002310800 Exception <a 'java/security/PrivilegedActionException'> (0x00000000eb213868) thrown at [C:\src\android\AOSP-openjdk\external\jetbrains\jdk\hotspot\src\share\vm\prims\jvm.cpp, line 1386]
Event: 1.677 Thread 0x0000000002310800 Implicit null exception at 0x00000000027e9da8 to 0x00000000027eb0a9

Events (10 events):
Event: 1.869 loading class com/sun/tools/javac/jvm/ClassReader$AnnotationCompleter
Event: 1.869 loading class com/sun/tools/javac/jvm/ClassReader$AnnotationCompleter done
Event: 1.870 loading class com/sun/tools/javac/jvm/ClassReader$AnnotationDeproxy
Event: 1.870 loading class com/sun/tools/javac/jvm/ClassReader$AnnotationDeproxy done
Event: 1.874 loading class com/sun/tools/javac/jvm/ClassReader$ProxyVisitor
Event: 1.874 loading class com/sun/tools/javac/jvm/ClassReader$ProxyVisitor done
Event: 1.890 loading class com/sun/tools/javac/code/Symbol$VarSymbol$2
Event: 1.890 loading class com/sun/tools/javac/code/Symbol$VarSymbol$2 done
Event: 1.891 loading class java/util/concurrent/Callable
Event: 1.892 loading class java/util/concurrent/Callable done


Dynamic libraries:
0x00007ff6a2690000 - 0x00007ff6a2697000 	C:\Program Files\Android\Android Studio\jre\bin\javac.exe
0x00007ff9d15d0000 - 0x00007ff9d17a1000 	C:\WINDOWS\SYSTEM32\ntdll.dll
0x00007ff9d0dc0000 - 0x00007ff9d0e6b000 	C:\WINDOWS\System32\KERNEL32.DLL
0x00007ff9cdd30000 - 0x00007ff9cdf4d000 	C:\WINDOWS\System32\KERNELBASE.dll
0x00007ff9c0940000 - 0x00007ff9c096f000 	C:\Program Files\Android\Android Studio\jre\bin\jli.dll
0x000000005b3a0000 - 0x000000005b472000 	C:\Program Files\Android\Android Studio\jre\bin\MSVCR100.dll
0x00007ff9d0ee0000 - 0x00007ff9d0f82000 	C:\WINDOWS\System32\ADVAPI32.dll
0x00007ff9d1430000 - 0x00007ff9d14ce000 	C:\WINDOWS\System32\msvcrt.dll
0x00007ff9d09a0000 - 0x00007ff9d09f9000 	C:\WINDOWS\System32\sechost.dll
0x00007ff9cf360000 - 0x00007ff9cf481000 	C:\WINDOWS\System32\RPCRT4.dll
0x00007ff9d0b20000 - 0x00007ff9d0c85000 	C:\WINDOWS\System32\USER32.dll
0x00007ff9ceb40000 - 0x00007ff9ceb5e000 	C:\WINDOWS\System32\win32u.dll
0x00007ff9c20c0000 - 0x00007ff9c2339000 	C:\WINDOWS\WinSxS\amd64_microsoft.windows.common-controls_6595b64144ccf1df_6.0.14393.447_none_42191651c6827bb3\COMCTL32.dll
0x00007ff9ceb60000 - 0x00007ff9ceb94000 	C:\WINDOWS\System32\GDI32.dll
0x00007ff9d0f90000 - 0x00007ff9d1258000 	C:\WINDOWS\System32\combase.dll
0x00007ff9cdf50000 - 0x00007ff9ce0d2000 	C:\WINDOWS\System32\gdi32full.dll
0x00007ff9cdac0000 - 0x00007ff9cdbb5000 	C:\WINDOWS\System32\ucrtbase.dll
0x00007ff9cdcc0000 - 0x00007ff9cdd2a000 	C:\WINDOWS\System32\bcryptPrimitives.dll
0x00007ff9d1260000 - 0x00007ff9d128e000 	C:\WINDOWS\System32\IMM32.DLL
0x000000005b480000 - 0x000000005b552000 	C:\Program Files\Android\Android Studio\jre\jre\bin\msvcr100.dll
0x000000005b990000 - 0x000000005c1c4000 	C:\Program Files\Android\Android Studio\jre\jre\bin\server\jvm.dll
0x00007ff9d0a00000 - 0x00007ff9d0a08000 	C:\WINDOWS\System32\PSAPI.DLL
0x00007ff9b5590000 - 0x00007ff9b5599000 	C:\WINDOWS\SYSTEM32\WSOCK32.dll
0x00007ff9cbea0000 - 0x00007ff9cbec3000 	C:\WINDOWS\SYSTEM32\WINMM.dll
0x00007ff9d0c90000 - 0x00007ff9d0cfa000 	C:\WINDOWS\System32\WS2_32.dll
0x00007ff9bd2c0000 - 0x00007ff9bd2ca000 	C:\WINDOWS\SYSTEM32\VERSION.dll
0x00007ff9cbe40000 - 0x00007ff9cbe6b000 	C:\WINDOWS\SYSTEM32\WINMMBASE.dll
0x00007ff9cdc70000 - 0x00007ff9cdcb2000 	C:\WINDOWS\System32\cfgmgr32.dll
0x00007ff9bca20000 - 0x00007ff9bca2f000 	C:\Program Files\Android\Android Studio\jre\jre\bin\verify.dll
0x00007ff9a7a50000 - 0x00007ff9a7a79000 	C:\Program Files\Android\Android Studio\jre\jre\bin\java.dll
0x00007ff9a7a30000 - 0x00007ff9a7a46000 	C:\Program Files\Android\Android Studio\jre\jre\bin\zip.dll
0x00007ff9cf490000 - 0x00007ff9d0999000 	C:\WINDOWS\System32\SHELL32.dll
0x00007ff9ce400000 - 0x00007ff9ceada000 	C:\WINDOWS\System32\windows.storage.dll
0x00007ff9cda70000 - 0x00007ff9cdabc000 	C:\WINDOWS\System32\powrprof.dll
0x00007ff9d0d60000 - 0x00007ff9d0db2000 	C:\WINDOWS\System32\shlwapi.dll
0x00007ff9cda30000 - 0x00007ff9cda3f000 	C:\WINDOWS\System32\kernel.appcore.dll
0x00007ff9cdbc0000 - 0x00007ff9cdc69000 	C:\WINDOWS\System32\shcore.dll
0x00007ff9cda40000 - 0x00007ff9cda54000 	C:\WINDOWS\System32\profapi.dll

VM Arguments:
jvm_args: -Dapplication.home=C:\Program Files\Android\Android Studio\jre -Xms8m 
java_command: com.sun.tools.javac.Main @C:/Users/Lukas/AppData/Local/Temp/sbt_9f666593/argfile
java_class_path (initial): C:\Program Files\Android\Android Studio\jre/lib/tools.jar;C:\Program Files\Android\Android Studio\jre/classes
Launcher Type: SUN_STANDARD

Environment Variables:
JAVA_HOME=C:\Java\jdk1.8.0_102
PATH=C:\Java\jdk1.8.0_102\bin;C:\ProgramData\Oracle\Java\javapath;C:\WINDOWS\system32;C:\WINDOWS;C:\WINDOWS\System32\Wbem;C:\WINDOWS\System32\WindowsPowerShell\v1.0\;C:\Program Files (x86)\scala\bin;C:\Program Files (x86)\Microsoft SQL Server\Client SDK\ODBC\130\Tools\Binn\;C:\Program Files (x86)\Microsoft SQL Server\130\Tools\Binn\;C:\Program Files (x86)\Microsoft SQL Server\130\DTS\Binn\;C:\Program Files (x86)\Microsoft SQL Server\130\Tools\Binn\ManagementStudio\;C:\Program Files\Git\cmd;C:\Program Files (x86)\apache-maven-3.3.9-bin\apache-maven-3.3.9\bin;C:\Users\Lukas\AppData\Local\Microsoft\WindowsApps;C:\Program Files (x86)\gradle-3.2.1\bin
USERNAME=Lukas
OS=Windows_NT
PROCESSOR_IDENTIFIER=Intel64 Family 6 Model 69 Stepping 1, GenuineIntel



---------------  S Y S T E M  ---------------

OS: Windows 10.0 , 64 bit Build 14393 (10.0.14393.0)

CPU:total 4 (2 cores per cpu, 2 threads per core) family 6 model 69 stepping 1, cmov, cx8, fxsr, mmx, sse, sse2, sse3, ssse3, sse4.1, sse4.2, popcnt, avx, avx2, aes, clmul, erms, lzcnt, ht, tsc, tscinvbit, bmi1, bmi2

Memory: 4k page, physical 4097096k(249424k free), swap 6717064k(5812k free)

vm_info: OpenJDK 64-Bit Server VM (25.76-b03) for windows-amd64 JRE (1.8.0_76-release-b03), built on Jun 29 2016 19:09:20 by "ralucas" with MS VC++ 10.0 (VS2010)

time: Wed Dec 14 19:46:48 2016
elapsed time: 1 seconds (0d 0h 0m 1s)

