#
# There is insufficient memory for the Java Runtime Environment to continue.
# Native memory allocation (malloc) failed to allocate 60016 bytes for Chunk::new
# Possible reasons:
#   The system is out of physical RAM or swap space
#   In 32 bit mode, the process size limit was hit
# Possible solutions:
#   Reduce memory load on the system
#   Increase physical memory or swap space
#   Check if swap backing store is full
#   Use 64 bit Java on a 64 bit OS
#   Decrease Java heap size (-Xmx/-Xms)
#   Decrease number of Java threads
#   Decrease Java thread stack sizes (-Xss)
#   Set larger code cache with -XX:ReservedCodeCacheSize=
# This output file may be truncated or incomplete.
#
#  Out of Memory Error (allocation.cpp:390), pid=2028, tid=0x0000000000000e54
#
# JRE version: OpenJDK Runtime Environment (8.0_76-b03) (build 1.8.0_76-release-b03)
# Java VM: OpenJDK 64-Bit Server VM (25.76-b03 mixed mode windows-amd64 compressed oops)
# Failed to write core dump. Minidumps are not enabled by default on client versions of Windows
#

---------------  T H R E A D  ---------------

Current thread (0x00000000150d9800):  JavaThread "C2 CompilerThread1" daemon [_thread_in_native, id=3668, stack(0x0000000016850000,0x0000000016950000)]

Stack: [0x0000000016850000,0x0000000016950000]
[error occurred during error reporting (printing stack bounds), id 0xc0000005]

Native frames: (J=compiled Java code, j=interpreted, Vv=VM code, C=native code)


Current CompileTask:
C2:   1370  253  s    4       sun.misc.URLClassPath::getNextLoader (88 bytes)


---------------  P R O C E S S  ---------------

Java Threads: ( => current thread )
  0x0000000016a6b000 JavaThread "Service Thread" daemon [_thread_blocked, id=1920, stack(0x0000000016e50000,0x0000000016f50000)]
  0x000000001512b000 JavaThread "C1 CompilerThread2" daemon [_thread_blocked, id=6856, stack(0x0000000016950000,0x0000000016a50000)]
=>0x00000000150d9800 JavaThread "C2 CompilerThread1" daemon [_thread_in_native, id=3668, stack(0x0000000016850000,0x0000000016950000)]
  0x00000000150e7000 JavaThread "C2 CompilerThread0" daemon [_thread_in_native, id=4684, stack(0x0000000016750000,0x0000000016850000)]
  0x00000000150e5800 JavaThread "Attach Listener" daemon [_thread_blocked, id=7880, stack(0x0000000016650000,0x0000000016750000)]
  0x00000000150e4000 JavaThread "Signal Dispatcher" daemon [_thread_blocked, id=5688, stack(0x0000000016550000,0x0000000016650000)]
  0x0000000002a1b000 JavaThread "Finalizer" daemon [_thread_blocked, id=7476, stack(0x0000000016340000,0x0000000016440000)]
  0x0000000002a0f800 JavaThread "Reference Handler" daemon [_thread_blocked, id=7192, stack(0x0000000016240000,0x0000000016340000)]
  0x0000000002920800 JavaThread "main" [_thread_in_Java, id=8088, stack(0x0000000002800000,0x0000000002900000)]

Other Threads:
  0x00000000150a6800 VMThread [stack: 0x0000000016140000,0x0000000016240000] [id=7560]
  0x0000000016a58800 WatcherThread [stack: 0x0000000016f50000,0x0000000017050000] [id=2772]

VM state:not at safepoint (normal execution)

VM Mutex/Monitor currently owned by a thread: None

Heap:
 PSYoungGen      total 2048K, used 1194K [0x00000000eb200000, 0x00000000eb480000, 0x0000000100000000)
  eden space 1536K, 46% used [0x00000000eb200000,0x00000000eb2b27f8,0x00000000eb380000)
  from space 512K, 93% used [0x00000000eb400000,0x00000000eb478020,0x00000000eb480000)
  to   space 512K, 0% used [0x00000000eb380000,0x00000000eb380000,0x00000000eb400000)
 ParOldGen       total 5632K, used 424K [0x00000000c1600000, 0x00000000c1b80000, 0x00000000eb200000)
  object space 5632K, 7% used [0x00000000c1600000,0x00000000c166a040,0x00000000c1b80000)
 Metaspace       used 5237K, capacity 6540K, committed 6656K, reserved 1058816K
  class space    used 649K, capacity 712K, committed 768K, reserved 1048576K

Card table byte_map: [0x0000000011ea0000,0x00000000120a0000] byte_map_base: 0x0000000011895000

Marking Bits: (ParMarkBitMap*) 0x000000005c149d00
 Begin Bits: [0x00000000125f0000, 0x0000000013598000)
 End Bits:   [0x0000000013598000, 0x0000000014540000)

Polling page: 0x0000000000b10000

CodeCache: size=245760Kb used=1626Kb max_used=1626Kb free=244133Kb
 bounds [0x0000000002ae0000, 0x0000000002d50000, 0x0000000011ae0000]
 total_blobs=509 nmethods=252 adapters=171
 compilation: enabled

Compilation events (10 events):
Event: 1.343 Thread 0x000000001512b000 nmethod 245 0x0000000002c66350 code [0x0000000002c664a0, 0x0000000002c665f0]
Event: 1.343 Thread 0x000000001512b000  247       3       java.util.zip.ZipEntry::<init> (43 bytes)
Event: 1.343 Thread 0x000000001512b000 nmethod 247 0x0000000002c65f50 code [0x0000000002c660a0, 0x0000000002c662b0]
Event: 1.343 Thread 0x000000001512b000  249       3       sun.net.www.protocol.jar.Handler::parseURL (201 bytes)
Event: 1.344 Thread 0x00000000150e7000 nmethod 252 0x0000000002c659d0 code [0x0000000002c65b20, 0x0000000002c65d78]
Event: 1.346 Thread 0x000000001512b000 nmethod 249 0x0000000002c71e10 code [0x0000000002c720c0, 0x0000000002c73528]
Event: 1.346 Thread 0x000000001512b000  250       3       sun.net.www.protocol.jar.Handler::parseContextSpec (154 bytes)
Event: 1.349 Thread 0x000000001512b000 nmethod 250 0x0000000002c73f10 code [0x0000000002c74300, 0x0000000002c76a08]
Event: 1.350 Thread 0x00000000150d9800  253  s    4       sun.misc.URLClassPath::getNextLoader (88 bytes)
Event: 1.350 Thread 0x00000000150e7000  254  s!   4       sun.misc.URLClassPath::getLoader (197 bytes)

GC Heap History (8 events):
Event: 0.821 GC heap before
{Heap before GC invocations=1 (full 0):
 PSYoungGen      total 2048K, used 1533K [0x00000000eb200000, 0x00000000eb480000, 0x0000000100000000)
  eden space 1536K, 99% used [0x00000000eb200000,0x00000000eb37f650,0x00000000eb380000)
  from space 512K, 0% used [0x00000000eb400000,0x00000000eb400000,0x00000000eb480000)
  to   space 512K, 0% used [0x00000000eb380000,0x00000000eb380000,0x00000000eb400000)
 ParOldGen       total 5632K, used 0K [0x00000000c1600000, 0x00000000c1b80000, 0x00000000eb200000)
  object space 5632K, 0% used [0x00000000c1600000,0x00000000c1600000,0x00000000c1b80000)
 Metaspace       used 3214K, capacity 4812K, committed 5120K, reserved 1058816K
  class space    used 363K, capacity 456K, committed 512K, reserved 1048576K
Event: 0.825 GC heap after
Heap after GC invocations=1 (full 0):
 PSYoungGen      total 2048K, used 511K [0x00000000eb200000, 0x00000000eb480000, 0x0000000100000000)
  eden space 1536K, 0% used [0x00000000eb200000,0x00000000eb200000,0x00000000eb380000)
  from space 512K, 99% used [0x00000000eb380000,0x00000000eb3ffc30,0x00000000eb400000)
  to   space 512K, 0% used [0x00000000eb400000,0x00000000eb400000,0x00000000eb480000)
 ParOldGen       total 5632K, used 16K [0x00000000c1600000, 0x00000000c1b80000, 0x00000000eb200000)
  object space 5632K, 0% used [0x00000000c1600000,0x00000000c1604000,0x00000000c1b80000)
 Metaspace       used 3214K, capacity 4812K, committed 5120K, reserved 1058816K
  class space    used 363K, capacity 456K, committed 512K, reserved 1048576K
}
Event: 1.094 GC heap before
{Heap before GC invocations=2 (full 0):
 PSYoungGen      total 2048K, used 2047K [0x00000000eb200000, 0x00000000eb480000, 0x0000000100000000)
  eden space 1536K, 100% used [0x00000000eb200000,0x00000000eb380000,0x00000000eb380000)
  from space 512K, 99% used [0x00000000eb380000,0x00000000eb3ffc30,0x00000000eb400000)
  to   space 512K, 0% used [0x00000000eb400000,0x00000000eb400000,0x00000000eb480000)
 ParOldGen       total 5632K, used 16K [0x00000000c1600000, 0x00000000c1b80000, 0x00000000eb200000)
  object space 5632K, 0% used [0x00000000c1600000,0x00000000c1604000,0x00000000c1b80000)
 Metaspace       used 3989K, capacity 5388K, committed 5760K, reserved 1058816K
  class space    used 461K, capacity 520K, committed 640K, reserved 1048576K
Event: 1.100 GC heap after
Heap after GC invocations=2 (full 0):
 PSYoungGen      total 2048K, used 496K [0x00000000eb200000, 0x00000000eb480000, 0x0000000100000000)
  eden space 1536K, 0% used [0x00000000eb200000,0x00000000eb200000,0x00000000eb380000)
  from space 512K, 96% used [0x00000000eb400000,0x00000000eb47c010,0x00000000eb480000)
  to   space 512K, 0% used [0x00000000eb380000,0x00000000eb380000,0x00000000eb400000)
 ParOldGen       total 5632K, used 56K [0x00000000c1600000, 0x00000000c1b80000, 0x00000000eb200000)
  object space 5632K, 0% used [0x00000000c1600000,0x00000000c160e000,0x00000000c1b80000)
 Metaspace       used 3989K, capacity 5388K, committed 5760K, reserved 1058816K
  class space    used 461K, capacity 520K, committed 640K, reserved 1048576K
}
Event: 1.215 GC heap before
{Heap before GC invocations=3 (full 0):
 PSYoungGen      total 2048K, used 2032K [0x00000000eb200000, 0x00000000eb480000, 0x0000000100000000)
  eden space 1536K, 100% used [0x00000000eb200000,0x00000000eb380000,0x00000000eb380000)
  from space 512K, 96% used [0x00000000eb400000,0x00000000eb47c010,0x00000000eb480000)
  to   space 512K, 0% used [0x00000000eb380000,0x00000000eb380000,0x00000000eb400000)
 ParOldGen       total 5632K, used 56K [0x00000000c1600000, 0x00000000c1b80000, 0x00000000eb200000)
  object space 5632K, 0% used [0x00000000c1600000,0x00000000c160e000,0x00000000c1b80000)
 Metaspace       used 4503K, capacity 5836K, committed 6016K, reserved 1058816K
  class space    used 539K, capacity 584K, committed 640K, reserved 1048576K
Event: 1.218 GC heap after
Heap after GC invocations=3 (full 0):
 PSYoungGen      total 2048K, used 480K [0x00000000eb200000, 0x00000000eb480000, 0x0000000100000000)
  eden space 1536K, 0% used [0x00000000eb200000,0x00000000eb200000,0x00000000eb380000)
  from space 512K, 93% used [0x00000000eb380000,0x00000000eb3f8020,0x00000000eb400000)
  to   space 512K, 0% used [0x00000000eb400000,0x00000000eb400000,0x00000000eb480000)
 ParOldGen       total 5632K, used 376K [0x00000000c1600000, 0x00000000c1b80000, 0x00000000eb200000)
  object space 5632K, 6% used [0x00000000c1600000,0x00000000c165e040,0x00000000c1b80000)
 Metaspace       used 4503K, capacity 5836K, committed 6016K, reserved 1058816K
  class space    used 539K, capacity 584K, committed 640K, reserved 1048576K
}
Event: 1.301 GC heap before
{Heap before GC invocations=4 (full 0):
 PSYoungGen      total 2048K, used 2016K [0x00000000eb200000, 0x00000000eb480000, 0x0000000100000000)
  eden space 1536K, 100% used [0x00000000eb200000,0x00000000eb380000,0x00000000eb380000)
  from space 512K, 93% used [0x00000000eb380000,0x00000000eb3f8020,0x00000000eb400000)
  to   space 512K, 0% used [0x00000000eb400000,0x00000000eb400000,0x00000000eb480000)
 ParOldGen       total 5632K, used 376K [0x00000000c1600000, 0x00000000c1b80000, 0x00000000eb200000)
  object space 5632K, 6% used [0x00000000c1600000,0x00000000c165e040,0x00000000c1b80000)
 Metaspace       used 5028K, capacity 6348K, committed 6656K, reserved 1058816K
  class space    used 596K, capacity 648K, committed 768K, reserved 1048576K
Event: 1.303 GC heap after
Heap after GC invocations=4 (full 0):
 PSYoungGen      total 2048K, used 480K [0x00000000eb200000, 0x00000000eb480000, 0x0000000100000000)
  eden space 1536K, 0% used [0x00000000eb200000,0x00000000eb200000,0x00000000eb380000)
  from space 512K, 93% used [0x00000000eb400000,0x00000000eb478020,0x00000000eb480000)
  to   space 512K, 0% used [0x00000000eb380000,0x00000000eb380000,0x00000000eb400000)
 ParOldGen       total 5632K, used 424K [0x00000000c1600000, 0x00000000c1b80000, 0x00000000eb200000)
  object space 5632K, 7% used [0x00000000c1600000,0x00000000c166a040,0x00000000c1b80000)
 Metaspace       used 5028K, capacity 6348K, committed 6656K, reserved 1058816K
  class space    used 596K, capacity 648K, committed 768K, reserved 1048576K
}

Deoptimization events (0 events):
No events

Internal exceptions (10 events):
Event: 0.340 Thread 0x0000000002920800 Exception <a 'java/lang/NoSuchMethodError': Method sun.misc.Unsafe.defineClass(Ljava/lang/String;[BII)Ljava/lang/Class; name or signature does not match> (0x00000000eb207cd8) thrown at [C:\src\android\AOSP-openjdk\external\jetbrains\jdk\hotspot\src\share\v1úÔRmÁÕ?
Event: 0.340 Thread 0x0000000002920800 Exception <a 'java/lang/NoSuchMethodError': Method sun.misc.Unsafe.prefetchRead(Ljava/lang/Object;J)V name or signature does not match> (0x00000000eb207fc0) thrown at [C:\src\android\AOSP-openjdk\external\jetbrains\jdk\hotspot\src\share\vm\prims\jni.cpp, l÷G¥NÆé?
Event: 0.805 Thread 0x0000000002920800 Exception <a 'java/security/PrivilegedActionException'> (0x00000000eb365e80) thrown at [C:\src\android\AOSP-openjdk\external\jetbrains\jdk\hotspot\src\share\vm\prims\jvm.cpp, line 1386]
Event: 0.806 Thread 0x0000000002920800 Exception <a 'java/security/PrivilegedActionException'> (0x00000000eb366278) thrown at [C:\src\android\AOSP-openjdk\external\jetbrains\jdk\hotspot\src\share\vm\prims\jvm.cpp, line 1386]
Event: 0.808 Thread 0x0000000002920800 Exception <a 'java/security/PrivilegedActionException'> (0x00000000eb36a048) thrown at [C:\src\android\AOSP-openjdk\external\jetbrains\jdk\hotspot\src\share\vm\prims\jvm.cpp, line 1386]
Event: 0.808 Thread 0x0000000002920800 Exception <a 'java/security/PrivilegedActionException'> (0x00000000eb36a440) thrown at [C:\src\android\AOSP-openjdk\external\jetbrains\jdk\hotspot\src\share\vm\prims\jvm.cpp, line 1386]
Event: 0.809 Thread 0x0000000002920800 Exception <a 'java/security/PrivilegedActionException'> (0x00000000eb36bb58) thrown at [C:\src\android\AOSP-openjdk\external\jetbrains\jdk\hotspot\src\share\vm\prims\jvm.cpp, line 1386]
Event: 0.809 Thread 0x0000000002920800 Exception <a 'java/security/PrivilegedActionException'> (0x00000000eb36bf50) thrown at [C:\src\android\AOSP-openjdk\external\jetbrains\jdk\hotspot\src\share\vm\prims\jvm.cpp, line 1386]
Event: 0.836 Thread 0x0000000002920800 Exception <a 'java/security/PrivilegedActionException'> (0x00000000eb213470) thrown at [C:\src\android\AOSP-openjdk\external\jetbrains\jdk\hotspot\src\share\vm\prims\jvm.cpp, line 1386]
Event: 0.836 Thread 0x0000000002920800 Exception <a 'java/security/PrivilegedActionException'> (0x00000000eb213868) thrown at [C:\src\android\AOSP-openjdk\external\jetbrains\jdk\hotspot\src\share\vm\prims\jvm.cpp, line 1386]

Events (10 events):
Event: 1.349 loading class com/sun/source/tree/LabeledStatementTree
Event: 1.349 loading class com/sun/source/tree/LabeledStatementTree done
Event: 1.349 loading class com/sun/tools/javac/tree/JCTree$JCMethodInvocation
Event: 1.349 loading class com/sun/tools/javac/tree/JCTree$JCMethodInvocation done
Event: 1.350 loading class com/sun/source/tree/MethodInvocationTree
Event: 1.350 loading class com/sun/source/tree/MethodInvocationTree done
Event: 1.350 loading class com/sun/tools/javac/tree/JCTree$JCLambda
Event: 1.350 loading class com/sun/tools/javac/tree/JCTree$JCLambda done
Event: 1.368 loading class com/sun/source/tree/LambdaExpressionTree
Event: 1.368 loading class com/sun/source/tree/LambdaExpressionTree done


Dynamic libraries:
0x00007ff7b1d70000 - 0x00007ff7b1d77000 	C:\Program Files\Android\Android Studio\jre\bin\javac.exe
0x00007ff9d15d0000 - 0x00007ff9d17a1000 	C:\WINDOWS\SYSTEM32\ntdll.dll
0x00007ff9d0dc0000 - 0x00007ff9d0e6b000 	C:\WINDOWS\System32\KERNEL32.DLL
0x00007ff9cdd30000 - 0x00007ff9cdf4d000 	C:\WINDOWS\System32\KERNELBASE.dll
0x000000005b3a0000 - 0x000000005b472000 	C:\Program Files\Android\Android Studio\jre\bin\MSVCR100.dll
0x00007ff9c44b0000 - 0x00007ff9c44df000 	C:\Program Files\Android\Android Studio\jre\bin\jli.dll
0x00007ff9d0ee0000 - 0x00007ff9d0f82000 	C:\WINDOWS\System32\ADVAPI32.dll
0x00007ff9d1430000 - 0x00007ff9d14ce000 	C:\WINDOWS\System32\msvcrt.dll
0x00007ff9d09a0000 - 0x00007ff9d09f9000 	C:\WINDOWS\System32\sechost.dll
0x00007ff9cf360000 - 0x00007ff9cf481000 	C:\WINDOWS\System32\RPCRT4.dll
0x00007ff9d0b20000 - 0x00007ff9d0c85000 	C:\WINDOWS\System32\USER32.dll
0x00007ff9ceb40000 - 0x00007ff9ceb5e000 	C:\WINDOWS\System32\win32u.dll
0x00007ff9ceb60000 - 0x00007ff9ceb94000 	C:\WINDOWS\System32\GDI32.dll
0x00007ff9cdf50000 - 0x00007ff9ce0d2000 	C:\WINDOWS\System32\gdi32full.dll
0x00007ff9c20c0000 - 0x00007ff9c2339000 	C:\WINDOWS\WinSxS\amd64_microsoft.windows.common-controls_6595b64144ccf1df_6.0.14393.447_none_42191651c6827bb3\COMCTL32.dll
0x00007ff9d0f90000 - 0x00007ff9d1258000 	C:\WINDOWS\System32\combase.dll
0x00007ff9cdac0000 - 0x00007ff9cdbb5000 	C:\WINDOWS\System32\ucrtbase.dll
0x00007ff9cdcc0000 - 0x00007ff9cdd2a000 	C:\WINDOWS\System32\bcryptPrimitives.dll
0x00007ff9d1260000 - 0x00007ff9d128e000 	C:\WINDOWS\System32\IMM32.DLL
0x000000005b480000 - 0x000000005b552000 	C:\Program Files\Android\Android Studio\jre\jre\bin\msvcr100.dll
0x000000005b990000 - 0x000000005c1c4000 	C:\Program Files\Android\Android Studio\jre\jre\bin\server\jvm.dll
0x00007ff9d0a00000 - 0x00007ff9d0a08000 	C:\WINDOWS\System32\PSAPI.DLL
0x00007ff9cbea0000 - 0x00007ff9cbec3000 	C:\WINDOWS\SYSTEM32\WINMM.dll
0x00007ff9b5590000 - 0x00007ff9b5599000 	C:\WINDOWS\SYSTEM32\WSOCK32.dll
0x00007ff9bd2c0000 - 0x00007ff9bd2ca000 	C:\WINDOWS\SYSTEM32\VERSION.dll
0x00007ff9d0c90000 - 0x00007ff9d0cfa000 	C:\WINDOWS\System32\WS2_32.dll
0x00007ff9cbe40000 - 0x00007ff9cbe6b000 	C:\WINDOWS\SYSTEM32\WINMMBASE.dll
0x00007ff9cdc70000 - 0x00007ff9cdcb2000 	C:\WINDOWS\System32\cfgmgr32.dll
0x00007ff9bca20000 - 0x00007ff9bca2f000 	C:\Program Files\Android\Android Studio\jre\jre\bin\verify.dll
0x00007ff9a7a50000 - 0x00007ff9a7a79000 	C:\Program Files\Android\Android Studio\jre\jre\bin\java.dll
0x00007ff9a7a30000 - 0x00007ff9a7a46000 	C:\Program Files\Android\Android Studio\jre\jre\bin\zip.dll
0x00007ff9cf490000 - 0x00007ff9d0999000 	C:\WINDOWS\System32\SHELL32.dll
0x00007ff9ce400000 - 0x00007ff9ceada000 	C:\WINDOWS\System32\windows.storage.dll
0x00007ff9cda70000 - 0x00007ff9cdabc000 	C:\WINDOWS\System32\powrprof.dll
0x00007ff9d0d60000 - 0x00007ff9d0db2000 	C:\WINDOWS\System32\shlwapi.dll
0x00007ff9cda30000 - 0x00007ff9cda3f000 	C:\WINDOWS\System32\kernel.appcore.dll
0x00007ff9cdbc0000 - 0x00007ff9cdc69000 	C:\WINDOWS\System32\shcore.dll
0x00007ff9cda40000 - 0x00007ff9cda54000 	C:\WINDOWS\System32\profapi.dll

VM Arguments:
jvm_args: -Dapplication.home=C:\Program Files\Android\Android Studio\jre -Xms8m 
java_command: com.sun.tools.javac.Main @C:/Users/Lukas/AppData/Local/Temp/sbt_d53513f0/argfile
java_class_path (initial): C:\Program Files\Android\Android Studio\jre/lib/tools.jar;C:\Program Files\Android\Android Studio\jre/classes
Launcher Type: SUN_STANDARD

Environment Variables:
JAVA_HOME=C:\Java\jdk1.8.0_102
PATH=C:\Java\jdk1.8.0_102\bin;C:\ProgramData\Oracle\Java\javapath;C:\WINDOWS\system32;C:\WINDOWS;C:\WINDOWS\System32\Wbem;C:\WINDOWS\System32\WindowsPowerShell\v1.0\;C:\Program Files (x86)\scala\bin;C:\Program Files (x86)\Microsoft SQL Server\Client SDK\ODBC\130\Tools\Binn\;C:\Program Files (x86)\Microsoft SQL Server\130\Tools\Binn\;C:\Program Files (x86)\Microsoft SQL Server\130\DTS\Binn\;C:\Program Files (x86)\Microsoft SQL Server\130\Tools\Binn\ManagementStudio\;C:\Program Files\Git\cmd;C:\Program Files (x86)\apache-maven-3.3.9-bin\apache-maven-3.3.9\bin;C:\Users\Lukas\AppData\Local\Microsoft\WindowsApps;C:\Program Files (x86)\gradle-3.2.1\bin
USERNAME=Lukas
OS=Windows_NT
PROCESSOR_IDENTIFIER=Intel64 Family 6 Model 69 Stepping 1, GenuineIntel



---------------  S Y S T E M  ---------------

OS: Windows 10.0 , 64 bit Build 14393 (10.0.14393.0)

CPU:total 4 (2 cores per cpu, 2 threads per core) family 6 model 69 stepping 1, cmov, cx8, fxsr, mmx, sse, sse2, sse3, ssse3, sse4.1, sse4.2, popcnt, avx, avx2, aes, clmul, erms, lzcnt, ht, tsc, tscinvbit, bmi1, bmi2

Memory: 4k page, physical 4097096k(580084k free), swap 6721600k(2580k free)

vm_info: OpenJDK 64-Bit Server VM (25.76-b03) for windows-amd64 JRE (1.8.0_76-release-b03), built on Jun 29 2016 19:09:20 by "ralucas" with MS VC++ 10.0 (VS2010)

time: Wed Dec 14 19:24:11 2016
elapsed time: 1 seconds (0d 0h 0m 1s)

